2025-07-22 20:48:46 - INFO - [main.run_surfer] - --- Surfer Algorithm Initializing ---
2025-07-22 20:48:46 - INFO - [tide.determine_tide_state] - Determining Tide State...
2025-07-22 20:48:46 - INFO - [data_procurement.get_simulated_tide_data] - Fetching simulated data for Tide module...
2025-07-22 20:48:46 - INFO - [data_procurement.get_simulated_tide_data] - Simulated data obtained: {'Interest_Rate_Vector': 'FALLING', 'Inflation_Vector': 'STABLE', 'GDP_Vector': 'ACCELERATING', 'VIX_Level': 17, 'Market_Trend': 'ABOVE', 'Market_Breadth': 'UPTREND', 'USD_Strength': 'FALLING', 'Credit_Spreads': 'NARROWING'}
2025-07-22 20:48:46 - INFO - [tide.determine_tide_state] - Final Tide Score calculated: 6.20
2025-07-22 20:48:46 - INFO - [tide.determine_tide_state] - Tide State for today is: RISK_ON
2025-07-22 20:48:46 - INFO - [swell.determine_strongest_swells] - Determining Swells for a RISK_ON environment...
2025-07-22 20:48:46 - INFO - [data_procurement.get_simulated_swell_data] - Generating 200 days of simulated historical data for ['XLK', 'XLF', 'XLV', 'XLE', 'XLI', 'XLC', 'XLY', 'XLP', 'XLU', 'SPY']...
2025-07-22 20:48:46 - INFO - [swell.determine_strongest_swells] - Calculating momentum scores for each sector...
2025-07-22 20:48:46 - INFO - [swell.determine_strongest_swells] - --- Sector Momentum Ranking ---
2025-07-22 20:48:46 - INFO - [swell.determine_strongest_swells] -   XLK: 11.8257
2025-07-22 20:48:46 - INFO - [swell.determine_strongest_swells] -   XLY: 10.8821
2025-07-22 20:48:46 - INFO - [swell.determine_strongest_swells] -   XLV: 2.5794
2025-07-22 20:48:46 - INFO - [swell.determine_strongest_swells] -   XLE: 2.2476
2025-07-22 20:48:46 - INFO - [swell.determine_strongest_swells] -   XLI: 2.0767
2025-07-22 20:48:46 - INFO - [swell.determine_strongest_swells] -   XLU: 0.9966
2025-07-22 20:48:46 - INFO - [swell.determine_strongest_swells] -   XLF: 0.1204
2025-07-22 20:48:46 - INFO - [swell.determine_strongest_swells] -   XLC: -0.4367
2025-07-22 20:48:46 - INFO - [swell.determine_strongest_swells] -   XLP: -1.9868
2025-07-22 20:48:46 - INFO - [swell.determine_strongest_swells] - Tide is RISK_ON. Top targets selected: ['XLK', 'XLY']
2025-07-22 20:48:46 - INFO - [main.run_surfer] - Final targets for today: ['XLK', 'XLY'] with direction: LONG
2025-07-22 20:48:46 - INFO - [data_procurement.get_simulated_swell_data] - Generating 50 days of simulated historical data for ['XLK']...
2025-07-22 20:48:46 - INFO - [data_procurement.simulate_realtime_data_feed] - Starting real-time data simulation for XLK...
2025-07-22 20:48:46 - INFO - [data_procurement.simulate_realtime_data_feed] - SIMULATING BREAKOUT for XLK
2025-07-22 20:48:46 - INFO - [wave._check_for_entry_signal] - ENTRY SIGNAL for XLK: Price 102.00 broke above upper BBand 101.36
2025-07-22 20:48:46 - INFO - [wave._execute_trade] - --- EXECUTING TRADE: LONG XLK at 102.00 ---
2025-07-22 20:48:46 - INFO - [wave._execute_trade] -   Capital: $100000, Risk Per Trade: $1000.00
2025-07-22 20:48:46 - INFO - [wave._execute_trade] -   Stop Loss: 99.64, Risk/Share: $2.36
2025-07-22 20:48:46 - INFO - [wave._execute_trade] -   Calculated Position Size: 422.8351 shares
2025-07-22 20:48:46 - INFO - [wave._execute_trade] - Trade for XLK is now LIVE.
2025-07-22 20:48:46 - INFO - [data_procurement.simulate_realtime_data_feed] - SIMULATING REVERSAL for XLK
2025-07-22 20:48:46 - INFO - [wave._manage_open_position] - EXIT SIGNAL for XLK: Price 120.50 crossed below 10-EMA 123.33
2025-07-22 20:48:46 - INFO - [wave._manage_open_position] - --- CLOSING TRADE for XLK at 120.50 ---
2025-07-22 20:48:46 - INFO - [wave._manage_open_position] - Trade P&L: $7820.76
2025-07-22 20:48:46 - INFO - [main.run_surfer] - --- Surfer Algorithm Run Complete ---
2025-07-22 20:54:31 - INFO - [main.run_surfer] - --- Surfer Algorithm Initializing ---
2025-07-22 20:54:32 - INFO - [tide.determine_tide_state] - Determining Tide State...
2025-07-22 20:54:32 - INFO - [data_procurement.get_simulated_tide_data] - Fetching simulated data for Tide module...
2025-07-22 20:54:32 - INFO - [data_procurement.get_simulated_tide_data] - Simulated data obtained: {'Interest_Rate_Vector': 'FALLING', 'Inflation_Vector': 'STABLE', 'GDP_Vector': 'ACCELERATING', 'VIX_Level': 17, 'Market_Trend': 'ABOVE', 'Market_Breadth': 'UPTREND', 'USD_Strength': 'FALLING', 'Credit_Spreads': 'NARROWING'}
2025-07-22 20:54:32 - INFO - [tide.determine_tide_state] - Final Tide Score calculated: 6.20
2025-07-22 20:54:32 - INFO - [tide.determine_tide_state] - Tide State for today is: RISK_ON
2025-07-22 20:54:33 - INFO - [swell.determine_strongest_swells] - Determining Swells for a RISK_ON environment...
2025-07-22 20:54:33 - INFO - [data_procurement.get_historical_data] - Fetching historical data for XLK...
2025-07-22 20:54:34 - WARNING - [data_procurement.get_historical_data] - Attempt failed for XLK: 403 Client Error: Forbidden for url: https://data.alpaca.markets/v2/stocks/XLK/bars?timeframe=1Day&adjustment=raw&start=2024-12-29&end=2025-07-22, retries left: 2
2025-07-22 20:54:34 - INFO - [data_procurement.get_historical_data] - Fetching historical data for XLK...
2025-07-22 20:54:34 - WARNING - [data_procurement.get_historical_data] - Attempt failed for XLK: 403 Client Error: Forbidden for url: https://data.alpaca.markets/v2/stocks/XLK/bars?timeframe=1Day&adjustment=raw&start=2024-12-29&end=2025-07-22, retries left: 1
2025-07-22 20:54:34 - INFO - [data_procurement.get_historical_data] - Fetching historical data for XLK...
2025-07-22 20:54:34 - WARNING - [data_procurement.get_historical_data] - Attempt failed for XLK: 403 Client Error: Forbidden for url: https://data.alpaca.markets/v2/stocks/XLK/bars?timeframe=1Day&adjustment=raw&start=2024-12-29&end=2025-07-22, retries left: 0
2025-07-22 20:54:34 - ERROR - [data_procurement.get_historical_data] - All retries failed for XLK, using simulated data
2025-07-22 20:54:34 - INFO - [data_procurement.get_simulated_swell_data] - Generating 200 days of simulated historical data for ['XLK']...
2025-07-22 20:54:34 - INFO - [data_procurement.get_historical_data] - Fetching historical data for XLF...
2025-07-22 20:54:35 - WARNING - [data_procurement.get_historical_data] - Attempt failed for XLF: 403 Client Error: Forbidden for url: https://data.alpaca.markets/v2/stocks/XLF/bars?timeframe=1Day&adjustment=raw&start=2024-12-29&end=2025-07-22, retries left: 2
2025-07-22 20:54:35 - INFO - [data_procurement.get_historical_data] - Fetching historical data for XLF...
2025-07-22 20:54:35 - WARNING - [data_procurement.get_historical_data] - Attempt failed for XLF: 403 Client Error: Forbidden for url: https://data.alpaca.markets/v2/stocks/XLF/bars?timeframe=1Day&adjustment=raw&start=2024-12-29&end=2025-07-22, retries left: 1
2025-07-22 20:54:35 - INFO - [data_procurement.get_historical_data] - Fetching historical data for XLF...
2025-07-22 20:54:35 - WARNING - [data_procurement.get_historical_data] - Attempt failed for XLF: 403 Client Error: Forbidden for url: https://data.alpaca.markets/v2/stocks/XLF/bars?timeframe=1Day&adjustment=raw&start=2024-12-29&end=2025-07-22, retries left: 0
2025-07-22 20:54:35 - ERROR - [data_procurement.get_historical_data] - All retries failed for XLF, using simulated data
2025-07-22 20:54:35 - INFO - [data_procurement.get_simulated_swell_data] - Generating 200 days of simulated historical data for ['XLF']...
2025-07-22 20:54:35 - INFO - [data_procurement.get_historical_data] - Fetching historical data for XLV...
2025-07-22 20:54:35 - WARNING - [data_procurement.get_historical_data] - Attempt failed for XLV: 403 Client Error: Forbidden for url: https://data.alpaca.markets/v2/stocks/XLV/bars?timeframe=1Day&adjustment=raw&start=2024-12-29&end=2025-07-22, retries left: 2
2025-07-22 20:54:35 - INFO - [data_procurement.get_historical_data] - Fetching historical data for XLV...
2025-07-22 20:54:36 - WARNING - [data_procurement.get_historical_data] - Attempt failed for XLV: 403 Client Error: Forbidden for url: https://data.alpaca.markets/v2/stocks/XLV/bars?timeframe=1Day&adjustment=raw&start=2024-12-29&end=2025-07-22, retries left: 1
2025-07-22 20:54:36 - INFO - [data_procurement.get_historical_data] - Fetching historical data for XLV...
2025-07-22 20:54:36 - WARNING - [data_procurement.get_historical_data] - Attempt failed for XLV: 403 Client Error: Forbidden for url: https://data.alpaca.markets/v2/stocks/XLV/bars?timeframe=1Day&adjustment=raw&start=2024-12-29&end=2025-07-22, retries left: 0
2025-07-22 20:54:36 - ERROR - [data_procurement.get_historical_data] - All retries failed for XLV, using simulated data
2025-07-22 20:54:36 - INFO - [data_procurement.get_simulated_swell_data] - Generating 200 days of simulated historical data for ['XLV']...
2025-07-22 20:54:36 - INFO - [data_procurement.get_historical_data] - Fetching historical data for XLE...
2025-07-22 20:54:36 - WARNING - [data_procurement.get_historical_data] - Attempt failed for XLE: 403 Client Error: Forbidden for url: https://data.alpaca.markets/v2/stocks/XLE/bars?timeframe=1Day&adjustment=raw&start=2024-12-29&end=2025-07-22, retries left: 2
2025-07-22 20:54:36 - INFO - [data_procurement.get_historical_data] - Fetching historical data for XLE...
2025-07-22 20:54:36 - WARNING - [data_procurement.get_historical_data] - Attempt failed for XLE: 403 Client Error: Forbidden for url: https://data.alpaca.markets/v2/stocks/XLE/bars?timeframe=1Day&adjustment=raw&start=2024-12-29&end=2025-07-22, retries left: 1
2025-07-22 20:54:36 - INFO - [data_procurement.get_historical_data] - Fetching historical data for XLE...
2025-07-22 20:54:36 - WARNING - [data_procurement.get_historical_data] - Attempt failed for XLE: 403 Client Error: Forbidden for url: https://data.alpaca.markets/v2/stocks/XLE/bars?timeframe=1Day&adjustment=raw&start=2024-12-29&end=2025-07-22, retries left: 0
2025-07-22 20:54:36 - ERROR - [data_procurement.get_historical_data] - All retries failed for XLE, using simulated data
2025-07-22 20:54:36 - INFO - [data_procurement.get_simulated_swell_data] - Generating 200 days of simulated historical data for ['XLE']...
2025-07-22 20:54:36 - INFO - [data_procurement.get_historical_data] - Fetching historical data for XLI...
2025-07-22 20:54:37 - WARNING - [data_procurement.get_historical_data] - Attempt failed for XLI: 403 Client Error: Forbidden for url: https://data.alpaca.markets/v2/stocks/XLI/bars?timeframe=1Day&adjustment=raw&start=2024-12-29&end=2025-07-22, retries left: 2
2025-07-22 20:54:37 - INFO - [data_procurement.get_historical_data] - Fetching historical data for XLI...
2025-07-22 20:54:37 - WARNING - [data_procurement.get_historical_data] - Attempt failed for XLI: 403 Client Error: Forbidden for url: https://data.alpaca.markets/v2/stocks/XLI/bars?timeframe=1Day&adjustment=raw&start=2024-12-29&end=2025-07-22, retries left: 1
2025-07-22 20:54:37 - INFO - [data_procurement.get_historical_data] - Fetching historical data for XLI...
2025-07-22 20:54:37 - WARNING - [data_procurement.get_historical_data] - Attempt failed for XLI: 403 Client Error: Forbidden for url: https://data.alpaca.markets/v2/stocks/XLI/bars?timeframe=1Day&adjustment=raw&start=2024-12-29&end=2025-07-22, retries left: 0
2025-07-22 20:54:37 - ERROR - [data_procurement.get_historical_data] - All retries failed for XLI, using simulated data
2025-07-22 20:54:37 - INFO - [data_procurement.get_simulated_swell_data] - Generating 200 days of simulated historical data for ['XLI']...
2025-07-22 20:54:37 - INFO - [data_procurement.get_historical_data] - Fetching historical data for XLC...
2025-07-22 20:54:37 - WARNING - [data_procurement.get_historical_data] - Attempt failed for XLC: 403 Client Error: Forbidden for url: https://data.alpaca.markets/v2/stocks/XLC/bars?timeframe=1Day&adjustment=raw&start=2024-12-29&end=2025-07-22, retries left: 2
2025-07-22 20:54:37 - INFO - [data_procurement.get_historical_data] - Fetching historical data for XLC...
2025-07-22 20:54:37 - WARNING - [data_procurement.get_historical_data] - Attempt failed for XLC: 403 Client Error: Forbidden for url: https://data.alpaca.markets/v2/stocks/XLC/bars?timeframe=1Day&adjustment=raw&start=2024-12-29&end=2025-07-22, retries left: 1
2025-07-22 20:54:37 - INFO - [data_procurement.get_historical_data] - Fetching historical data for XLC...
2025-07-22 20:54:38 - WARNING - [data_procurement.get_historical_data] - Attempt failed for XLC: 403 Client Error: Forbidden for url: https://data.alpaca.markets/v2/stocks/XLC/bars?timeframe=1Day&adjustment=raw&start=2024-12-29&end=2025-07-22, retries left: 0
2025-07-22 20:54:38 - ERROR - [data_procurement.get_historical_data] - All retries failed for XLC, using simulated data
2025-07-22 20:54:38 - INFO - [data_procurement.get_simulated_swell_data] - Generating 200 days of simulated historical data for ['XLC']...
2025-07-22 20:54:38 - INFO - [data_procurement.get_historical_data] - Fetching historical data for XLY...
2025-07-22 20:54:38 - WARNING - [data_procurement.get_historical_data] - Attempt failed for XLY: 403 Client Error: Forbidden for url: https://data.alpaca.markets/v2/stocks/XLY/bars?timeframe=1Day&adjustment=raw&start=2024-12-29&end=2025-07-22, retries left: 2
2025-07-22 20:54:38 - INFO - [data_procurement.get_historical_data] - Fetching historical data for XLY...
2025-07-22 20:54:38 - WARNING - [data_procurement.get_historical_data] - Attempt failed for XLY: 403 Client Error: Forbidden for url: https://data.alpaca.markets/v2/stocks/XLY/bars?timeframe=1Day&adjustment=raw&start=2024-12-29&end=2025-07-22, retries left: 1
2025-07-22 20:54:38 - INFO - [data_procurement.get_historical_data] - Fetching historical data for XLY...
2025-07-22 20:54:38 - WARNING - [data_procurement.get_historical_data] - Attempt failed for XLY: 403 Client Error: Forbidden for url: https://data.alpaca.markets/v2/stocks/XLY/bars?timeframe=1Day&adjustment=raw&start=2024-12-29&end=2025-07-22, retries left: 0
2025-07-22 20:54:38 - ERROR - [data_procurement.get_historical_data] - All retries failed for XLY, using simulated data
2025-07-22 20:54:38 - INFO - [data_procurement.get_simulated_swell_data] - Generating 200 days of simulated historical data for ['XLY']...
2025-07-22 20:54:38 - INFO - [data_procurement.get_historical_data] - Fetching historical data for XLP...
2025-07-22 20:54:38 - WARNING - [data_procurement.get_historical_data] - Attempt failed for XLP: 403 Client Error: Forbidden for url: https://data.alpaca.markets/v2/stocks/XLP/bars?timeframe=1Day&adjustment=raw&start=2024-12-29&end=2025-07-22, retries left: 2
2025-07-22 20:54:38 - INFO - [data_procurement.get_historical_data] - Fetching historical data for XLP...
2025-07-22 20:54:39 - WARNING - [data_procurement.get_historical_data] - Attempt failed for XLP: 403 Client Error: Forbidden for url: https://data.alpaca.markets/v2/stocks/XLP/bars?timeframe=1Day&adjustment=raw&start=2024-12-29&end=2025-07-22, retries left: 1
2025-07-22 20:54:39 - INFO - [data_procurement.get_historical_data] - Fetching historical data for XLP...
2025-07-22 20:54:39 - WARNING - [data_procurement.get_historical_data] - Attempt failed for XLP: 403 Client Error: Forbidden for url: https://data.alpaca.markets/v2/stocks/XLP/bars?timeframe=1Day&adjustment=raw&start=2024-12-29&end=2025-07-22, retries left: 0
2025-07-22 20:54:39 - ERROR - [data_procurement.get_historical_data] - All retries failed for XLP, using simulated data
2025-07-22 20:54:39 - INFO - [data_procurement.get_simulated_swell_data] - Generating 200 days of simulated historical data for ['XLP']...
2025-07-22 20:54:39 - INFO - [data_procurement.get_historical_data] - Fetching historical data for XLU...
2025-07-22 20:54:39 - WARNING - [data_procurement.get_historical_data] - Attempt failed for XLU: 403 Client Error: Forbidden for url: https://data.alpaca.markets/v2/stocks/XLU/bars?timeframe=1Day&adjustment=raw&start=2024-12-29&end=2025-07-22, retries left: 2
2025-07-22 20:54:39 - INFO - [data_procurement.get_historical_data] - Fetching historical data for XLU...
2025-07-22 20:54:39 - WARNING - [data_procurement.get_historical_data] - Attempt failed for XLU: 403 Client Error: Forbidden for url: https://data.alpaca.markets/v2/stocks/XLU/bars?timeframe=1Day&adjustment=raw&start=2024-12-29&end=2025-07-22, retries left: 1
2025-07-22 20:54:39 - INFO - [data_procurement.get_historical_data] - Fetching historical data for XLU...
2025-07-22 20:54:39 - WARNING - [data_procurement.get_historical_data] - Attempt failed for XLU: 403 Client Error: Forbidden for url: https://data.alpaca.markets/v2/stocks/XLU/bars?timeframe=1Day&adjustment=raw&start=2024-12-29&end=2025-07-22, retries left: 0
2025-07-22 20:54:39 - ERROR - [data_procurement.get_historical_data] - All retries failed for XLU, using simulated data
2025-07-22 20:54:39 - INFO - [data_procurement.get_simulated_swell_data] - Generating 200 days of simulated historical data for ['XLU']...
2025-07-22 20:54:39 - INFO - [data_procurement.get_historical_data] - Fetching historical data for SPY...
2025-07-22 20:54:40 - WARNING - [data_procurement.get_historical_data] - Attempt failed for SPY: 403 Client Error: Forbidden for url: https://data.alpaca.markets/v2/stocks/SPY/bars?timeframe=1Day&adjustment=raw&start=2024-12-29&end=2025-07-22, retries left: 2
2025-07-22 20:54:40 - INFO - [data_procurement.get_historical_data] - Fetching historical data for SPY...
2025-07-22 20:54:40 - WARNING - [data_procurement.get_historical_data] - Attempt failed for SPY: 403 Client Error: Forbidden for url: https://data.alpaca.markets/v2/stocks/SPY/bars?timeframe=1Day&adjustment=raw&start=2024-12-29&end=2025-07-22, retries left: 1
2025-07-22 20:54:40 - INFO - [data_procurement.get_historical_data] - Fetching historical data for SPY...
2025-07-22 20:54:40 - WARNING - [data_procurement.get_historical_data] - Attempt failed for SPY: 403 Client Error: Forbidden for url: https://data.alpaca.markets/v2/stocks/SPY/bars?timeframe=1Day&adjustment=raw&start=2024-12-29&end=2025-07-22, retries left: 0
2025-07-22 20:54:40 - ERROR - [data_procurement.get_historical_data] - All retries failed for SPY, using simulated data
2025-07-22 20:54:40 - INFO - [data_procurement.get_simulated_swell_data] - Generating 200 days of simulated historical data for ['SPY']...
2025-07-22 20:54:40 - INFO - [swell.determine_strongest_swells] - Calculating momentum scores for each sector...
2025-07-22 20:54:40 - INFO - [swell.determine_strongest_swells] - --- Sector Momentum Ranking ---
2025-07-22 20:54:40 - INFO - [swell.determine_strongest_swells] -   XLY: 12.7631
2025-07-22 20:54:40 - INFO - [swell.determine_strongest_swells] -   XLK: 11.1600
2025-07-22 20:54:40 - INFO - [swell.determine_strongest_swells] -   XLC: 3.7557
2025-07-22 20:54:40 - INFO - [swell.determine_strongest_swells] -   XLE: 2.3629
2025-07-22 20:54:40 - INFO - [swell.determine_strongest_swells] -   XLV: 1.5657
2025-07-22 20:54:40 - INFO - [swell.determine_strongest_swells] -   XLI: 1.1652
2025-07-22 20:54:40 - INFO - [swell.determine_strongest_swells] -   XLF: 0.8937
2025-07-22 20:54:40 - INFO - [swell.determine_strongest_swells] -   XLP: -2.1524
2025-07-22 20:54:40 - INFO - [swell.determine_strongest_swells] -   XLU: -2.3592
2025-07-22 20:54:40 - INFO - [swell.determine_strongest_swells] - Tide is RISK_ON. Top targets selected: ['XLY', 'XLK']
2025-07-22 20:54:40 - INFO - [main.run_surfer] - Final targets for today: ['XLY', 'XLK'] with direction: LONG
2025-07-22 20:54:40 - INFO - [data_procurement.get_historical_data] - Fetching historical data for XLY...
2025-07-22 20:54:40 - WARNING - [data_procurement.get_historical_data] - Attempt failed for XLY: 403 Client Error: Forbidden for url: https://data.alpaca.markets/v2/stocks/XLY/bars?timeframe=1Day&adjustment=raw&start=2025-05-28&end=2025-07-22, retries left: 2
2025-07-22 20:54:40 - INFO - [data_procurement.get_historical_data] - Fetching historical data for XLY...
2025-07-22 20:54:41 - WARNING - [data_procurement.get_historical_data] - Attempt failed for XLY: 403 Client Error: Forbidden for url: https://data.alpaca.markets/v2/stocks/XLY/bars?timeframe=1Day&adjustment=raw&start=2025-05-28&end=2025-07-22, retries left: 1
2025-07-22 20:54:41 - INFO - [data_procurement.get_historical_data] - Fetching historical data for XLY...
2025-07-22 20:54:41 - WARNING - [data_procurement.get_historical_data] - Attempt failed for XLY: 403 Client Error: Forbidden for url: https://data.alpaca.markets/v2/stocks/XLY/bars?timeframe=1Day&adjustment=raw&start=2025-05-28&end=2025-07-22, retries left: 0
2025-07-22 20:54:41 - ERROR - [data_procurement.get_historical_data] - All retries failed for XLY, using simulated data
2025-07-22 20:54:41 - INFO - [data_procurement.get_simulated_swell_data] - Generating 50 days of simulated historical data for ['XLY']...
2025-07-22 20:54:41 - INFO - [wave._check_for_entry_signal] - ENTRY SIGNAL for XLY: Price 225.48 broke above upper BBand 184.25
2025-07-22 20:54:41 - INFO - [wave._execute_trade] - --- EXECUTING TRADE: LONG XLY at 225.48 ---
2025-07-22 20:54:41 - INFO - [wave._execute_trade] -   Capital: $100000, Risk Per Trade: $1000.00
2025-07-22 20:54:41 - INFO - [wave._execute_trade] -   Stop Loss: 107.19, Risk/Share: $118.29
2025-07-22 20:54:41 - INFO - [wave._execute_trade] -   Calculated Position Size: 8.4540 shares
2025-07-22 20:54:41 - INFO - [wave._execute_trade] - Trade for XLY is now LIVE.
2025-07-22 21:00:36 - INFO - [main.run_surfer] - --- Surfer Algorithm Run Complete ---
2025-07-22 21:01:34 - INFO - [main.main] - --- Surfer Algorithm Initializing (Live Mode) ---
2025-07-22 21:01:34 - INFO - [tide.determine_tide_state] - Determining Tide State...
2025-07-22 21:01:34 - INFO - [data_procurement.get_live_tide_data] - Fetching LIVE data for Tide module...
2025-07-22 21:01:34 - ERROR - [main.<module>] - An unexpected error occurred: name 'get_simulated_tide_data' is not defined
Traceback (most recent call last):
  File "/workspaces/Trading-algorhythm-/main.py", line 54, in <module>
    asyncio.run(main())
  File "/usr/lib/python3.11/asyncio/runners.py", line 190, in run
    return runner.run(main)
           ^^^^^^^^^^^^^^^^
  File "/usr/lib/python3.11/asyncio/runners.py", line 118, in run
    return self._loop.run_until_complete(task)
           ^^^^^^^^^^^^^^^^^^^^^^^^^^^^^^^^^^^
  File "/usr/lib/python3.11/asyncio/base_events.py", line 654, in run_until_complete
    return future.result()
           ^^^^^^^^^^^^^^^
  File "/workspaces/Trading-algorhythm-/main.py", line 14, in main
    current_tide = determine_tide_state()
                   ^^^^^^^^^^^^^^^^^^^^^^
  File "/workspaces/Trading-algorhythm-/modules/tide.py", line 15, in determine_tide_state
    data = get_live_tide_data()
           ^^^^^^^^^^^^^^^^^^^^
  File "/workspaces/Trading-algorhythm-/data_procurement.py", line 48, in get_live_tide_data
    return get_simulated_tide_data() # For now, we keep Tide simulated to fix the Alpaca error first.
           ^^^^^^^^^^^^^^^^^^^^^^^
NameError: name 'get_simulated_tide_data' is not defined
2025-07-22 21:03:06 - INFO - [main.main] - --- Surfer Algorithm Initializing (Live Mode) ---
2025-07-22 21:03:06 - INFO - [tide.determine_tide_state] - Determining Tide State...
2025-07-22 21:03:06 - INFO - [data_procurement.get_live_tide_data] - Fetching LIVE data for Tide module...
2025-07-22 21:03:06 - ERROR - [data_procurement.get_live_tide_data] - A critical error occurred in get_live_tide_data: name 'get_fred_data' is not defined. Cannot proceed with live data.
2025-07-22 21:03:06 - INFO - [tide.determine_tide_state] - Final Tide Score calculated: 0.00
2025-07-22 21:03:06 - INFO - [tide.determine_tide_state] - Tide State for today is: NEUTRAL
2025-07-22 21:03:06 - INFO - [swell.determine_strongest_swells] - Tide is NEUTRAL. Swell analysis skipped.
2025-07-22 21:03:06 - INFO - [main.main] - --- No high-quality signals today. Algorithm is idle. ---
2025-07-22 21:03:11 - INFO - [main.main] - --- Surfer Algorithm Initializing (Live Mode) ---
2025-07-22 21:03:11 - INFO - [tide.determine_tide_state] - Determining Tide State...
2025-07-22 21:03:11 - INFO - [data_procurement.get_live_tide_data] - Fetching LIVE data for Tide module...
2025-07-22 21:03:11 - ERROR - [data_procurement.get_live_tide_data] - A critical error occurred in get_live_tide_data: name 'get_fred_data' is not defined. Cannot proceed with live data.
2025-07-22 21:03:11 - INFO - [tide.determine_tide_state] - Final Tide Score calculated: 0.00
2025-07-22 21:03:11 - INFO - [tide.determine_tide_state] - Tide State for today is: NEUTRAL
2025-07-22 21:03:11 - INFO - [swell.determine_strongest_swells] - Tide is NEUTRAL. Swell analysis skipped.
2025-07-22 21:03:11 - INFO - [main.main] - --- No high-quality signals today. Algorithm is idle. ---
2025-07-22 21:03:12 - INFO - [main.main] - --- Surfer Algorithm Initializing (Live Mode) ---
2025-07-22 21:03:12 - INFO - [tide.determine_tide_state] - Determining Tide State...
2025-07-22 21:03:12 - INFO - [data_procurement.get_live_tide_data] - Fetching LIVE data for Tide module...
2025-07-22 21:03:12 - ERROR - [data_procurement.get_live_tide_data] - A critical error occurred in get_live_tide_data: name 'get_fred_data' is not defined. Cannot proceed with live data.
2025-07-22 21:03:12 - INFO - [tide.determine_tide_state] - Final Tide Score calculated: 0.00
2025-07-22 21:03:12 - INFO - [tide.determine_tide_state] - Tide State for today is: NEUTRAL
2025-07-22 21:03:12 - INFO - [swell.determine_strongest_swells] - Tide is NEUTRAL. Swell analysis skipped.
2025-07-22 21:03:12 - INFO - [main.main] - --- No high-quality signals today. Algorithm is idle. ---
2025-07-22 21:03:14 - INFO - [main.main] - --- Surfer Algorithm Initializing (Live Mode) ---
2025-07-22 21:03:14 - INFO - [tide.determine_tide_state] - Determining Tide State...
2025-07-22 21:03:14 - INFO - [data_procurement.get_live_tide_data] - Fetching LIVE data for Tide module...
2025-07-22 21:03:14 - ERROR - [data_procurement.get_live_tide_data] - A critical error occurred in get_live_tide_data: name 'get_fred_data' is not defined. Cannot proceed with live data.
2025-07-22 21:03:14 - INFO - [tide.determine_tide_state] - Final Tide Score calculated: 0.00
2025-07-22 21:03:14 - INFO - [tide.determine_tide_state] - Tide State for today is: NEUTRAL
2025-07-22 21:03:14 - INFO - [swell.determine_strongest_swells] - Tide is NEUTRAL. Swell analysis skipped.
2025-07-22 21:03:14 - INFO - [main.main] - --- No high-quality signals today. Algorithm is idle. ---
2025-07-22 21:04:16 - INFO - [main.main] - --- Surfer Algorithm Initializing (Live Mode) ---
2025-07-22 21:04:16 - INFO - [tide.determine_tide_state] - Determining Tide State...
2025-07-22 21:04:16 - INFO - [data_procurement.get_live_tide_data] - Fetching LIVE data for Tide module...
2025-07-22 21:04:16 - ERROR - [data_procurement.get_fred_data] - Failed to fetch FRED data for FEDFUNDS: module 'config' has no attribute 'FRED_API_KEY'
2025-07-22 21:04:16 - ERROR - [data_procurement.get_fred_data] - Failed to fetch FRED data for CPIAUCSL: module 'config' has no attribute 'FRED_API_KEY'
2025-07-22 21:04:16 - ERROR - [data_procurement.get_fred_data] - Failed to fetch FRED data for GDPC1: module 'config' has no attribute 'FRED_API_KEY'
2025-07-22 21:04:16 - INFO - [data_procurement.get_historical_data] - Fetching LIVE historical data for ['SPY', 'VXX', 'UUP', 'HYG', 'IEI']...
2025-07-22 21:04:17 - INFO - [data_procurement.get_live_tide_data] - Live data obtained: {'Interest_Rate_Vector': 'STABLE', 'Inflation_Vector': 'STABLE', 'GDP_Vector': 'STABLE', 'Market_Trend': 'NEUTRAL', 'VIX_Level': 25, 'Credit_Spreads': 'STABLE', 'Market_Breadth': 'NEUTRAL', 'USD_Strength': 'STABLE'}
2025-07-22 21:04:17 - INFO - [tide.determine_tide_state] - Final Tide Score calculated: 0.00
2025-07-22 21:04:17 - INFO - [tide.determine_tide_state] - Tide State for today is: NEUTRAL
2025-07-22 21:04:17 - INFO - [swell.determine_strongest_swells] - Tide is NEUTRAL. Swell analysis skipped.
2025-07-22 21:04:17 - INFO - [main.main] - --- No high-quality signals today. Algorithm is idle. ---
2025-07-22 21:10:19 - INFO - [main.main] - --- Surfer Algorithm Initializing (Live Mode) ---
2025-07-22 21:10:19 - INFO - [tide.determine_tide_state] - Determining Tide State...
2025-07-22 21:10:19 - INFO - [data_procurement.get_live_tide_data] - Fetching LIVE data for Tide module...
2025-07-22 21:10:21 - INFO - [data_procurement.get_historical_data] - Fetching LIVE historical data for ['SPY', 'VXX']...
2025-07-22 21:10:22 - ERROR - [data_procurement.get_historical_data] - Failed to fetch historical data for ['SPY', 'VXX']: 403 Client Error: Forbidden for url: https://data.alpaca.markets/v2/stocks/bars?timeframe=1Day&adjustment=raw&limit=250&symbols=SPY%2CVXX. Critical error.
2025-07-22 21:10:22 - INFO - [data_procurement.get_live_tide_data] - Live data obtained: {'Interest_Rate_Vector': 'RISING', 'Inflation_Vector': 'FALLING', 'GDP_Vector': 'RISING', 'Market_Trend': 'NEUTRAL', 'VIX_Level': 25, 'Credit_Spreads': 'STABLE', 'Market_Breadth': 'NEUTRAL', 'USD_Strength': 'STABLE'}
2025-07-22 21:10:22 - INFO - [tide.determine_tide_state] - Final Tide Score calculated: -1.20
2025-07-22 21:10:22 - INFO - [tide.determine_tide_state] - Tide State for today is: NEUTRAL
2025-07-22 21:10:22 - INFO - [swell.determine_strongest_swells] - Tide is NEUTRAL. Swell analysis skipped.
2025-07-22 21:10:22 - INFO - [main.main] - --- No high-quality signals today. Algorithm is idle. ---
2025-07-22 21:10:30 - INFO - [main.main] - --- Surfer Algorithm Initializing (Live Mode) ---
2025-07-22 21:10:30 - INFO - [tide.determine_tide_state] - Determining Tide State...
2025-07-22 21:10:30 - INFO - [data_procurement.get_live_tide_data] - Fetching LIVE data for Tide module...
2025-07-22 21:10:31 - INFO - [data_procurement.get_historical_data] - Fetching LIVE historical data for ['SPY', 'VXX']...
2025-07-22 21:10:32 - ERROR - [data_procurement.get_historical_data] - Failed to fetch historical data for ['SPY', 'VXX']: 403 Client Error: Forbidden for url: https://data.alpaca.markets/v2/stocks/bars?timeframe=1Day&adjustment=raw&limit=250&symbols=SPY%2CVXX. Critical error.
2025-07-22 21:10:32 - INFO - [data_procurement.get_live_tide_data] - Live data obtained: {'Interest_Rate_Vector': 'RISING', 'Inflation_Vector': 'FALLING', 'GDP_Vector': 'RISING', 'Market_Trend': 'NEUTRAL', 'VIX_Level': 25, 'Credit_Spreads': 'STABLE', 'Market_Breadth': 'NEUTRAL', 'USD_Strength': 'STABLE'}
2025-07-22 21:10:32 - INFO - [tide.determine_tide_state] - Final Tide Score calculated: -1.20
2025-07-22 21:10:32 - INFO - [tide.determine_tide_state] - Tide State for today is: NEUTRAL
2025-07-22 21:10:32 - INFO - [swell.determine_strongest_swells] - Tide is NEUTRAL. Swell analysis skipped.
2025-07-22 21:10:32 - INFO - [main.main] - --- No high-quality signals today. Algorithm is idle. ---
2025-07-22 21:13:23 - INFO - [main.main] - --- Surfer Algorithm Initializing (Live Mode) ---
2025-07-22 21:13:23 - INFO - [tide.determine_tide_state] - Determining Tide State...
2025-07-22 21:13:23 - INFO - [data_procurement.get_live_tide_data] - Fetching LIVE data for Tide module...
2025-07-22 21:13:24 - INFO - [data_procurement.get_historical_data] - Fetching LIVE historical data for ['SPY', 'VXX']...
2025-07-22 21:13:24 - ERROR - [data_procurement.get_historical_data] - Failed to fetch historical data: 403 Client Error: Forbidden for url: https://data.alpaca.markets/v2/stocks/bars?timeframe=1Day&adjustment=raw&limit=250&symbols=SPY%2CVXX. Critical error.
2025-07-22 21:13:24 - INFO - [data_procurement.get_live_tide_data] - Live data obtained: {'Interest_Rate_Vector': 'RISING', 'Inflation_Vector': 'FALLING', 'GDP_Vector': 'RISING', 'Market_Trend': 'NEUTRAL', 'VIX_Level': 25, 'Credit_Spreads': 'STABLE', 'Market_Breadth': 'NEUTRAL', 'USD_Strength': 'STABLE'}
2025-07-22 21:13:24 - INFO - [tide.determine_tide_state] - Final Tide Score calculated: -1.20
2025-07-22 21:13:24 - INFO - [tide.determine_tide_state] - Tide State for today is: NEUTRAL
2025-07-22 21:13:24 - INFO - [swell.determine_strongest_swells] - Tide is NEUTRAL. Swell analysis skipped.
2025-07-22 21:13:24 - INFO - [main.main] - --- No high-quality signals today. Algorithm is idle. ---
2025-07-22 21:15:34 - INFO - [main.main] - --- Surfer Algorithm Initializing (Live Mode) ---
2025-07-22 21:15:34 - INFO - [tide.determine_tide_state] - Determining Tide State...
2025-07-22 21:15:34 - INFO - [data_procurement.get_live_tide_data] - Fetching LIVE data for Tide module...
2025-07-22 21:15:35 - INFO - [data_procurement.get_historical_data] - Fetching LIVE historical data for ['SPY']...
2025-07-22 21:15:36 - ERROR - [data_procurement.get_historical_data] - Failed to fetch historical data: 403 Client Error: Forbidden for url: https://data.alpaca.markets/v2/stocks/bars?timeframe=1Day&adjustment=raw&limit=250&symbols=SPY. Critical error.
2025-07-22 21:15:36 - INFO - [data_procurement.get_live_tide_data] - Live data obtained: {'Interest_Rate_Vector': 'RISING', 'Inflation_Vector': 'FALLING', 'GDP_Vector': 'RISING', 'Market_Trend': 'NEUTRAL', 'VIX_Level': 25, 'Credit_Spreads': 'STABLE', 'Market_Breadth': 'NEUTRAL', 'USD_Strength': 'STABLE'}
2025-07-22 21:15:36 - INFO - [tide.determine_tide_state] - Final Tide Score calculated: -1.20
2025-07-22 21:15:36 - INFO - [tide.determine_tide_state] - Tide State for today is: NEUTRAL
2025-07-22 21:15:36 - INFO - [swell.determine_strongest_swells] - Tide is NEUTRAL. Swell analysis skipped.
2025-07-22 21:15:36 - INFO - [main.main] - --- No high-quality signals today. Algorithm is idle. ---
2025-07-22 21:15:42 - INFO - [main.main] - --- Surfer Algorithm Initializing (Live Mode) ---
2025-07-22 21:15:42 - INFO - [tide.determine_tide_state] - Determining Tide State...
2025-07-22 21:15:42 - INFO - [data_procurement.get_live_tide_data] - Fetching LIVE data for Tide module...
2025-07-22 21:15:43 - INFO - [data_procurement.get_historical_data] - Fetching LIVE historical data for ['SPY']...
2025-07-22 21:15:43 - ERROR - [data_procurement.get_historical_data] - Failed to fetch historical data: 403 Client Error: Forbidden for url: https://data.alpaca.markets/v2/stocks/bars?timeframe=1Day&adjustment=raw&limit=250&symbols=SPY. Critical error.
2025-07-22 21:15:43 - INFO - [data_procurement.get_live_tide_data] - Live data obtained: {'Interest_Rate_Vector': 'RISING', 'Inflation_Vector': 'FALLING', 'GDP_Vector': 'RISING', 'Market_Trend': 'NEUTRAL', 'VIX_Level': 25, 'Credit_Spreads': 'STABLE', 'Market_Breadth': 'NEUTRAL', 'USD_Strength': 'STABLE'}
2025-07-22 21:15:43 - INFO - [tide.determine_tide_state] - Final Tide Score calculated: -1.20
2025-07-22 21:15:43 - INFO - [tide.determine_tide_state] - Tide State for today is: NEUTRAL
2025-07-22 21:15:43 - INFO - [swell.determine_strongest_swells] - Tide is NEUTRAL. Swell analysis skipped.
2025-07-22 21:15:43 - INFO - [main.main] - --- No high-quality signals today. Algorithm is idle. ---
